<?xml version="1.0" encoding="UTF-8"?>
<robot generator="Robot 3.1.1 (Python 3.7.3 on win32)" generated="20190519 20:04:37.079" rpa="false">
<suite id="s1" name="Hello" source="F:\my_rf_note\RobotFramework_AutoTest\code\hello.robot">
<test id="s1-t1" name="my_test_variables">
<kw name="Log" library="BuiltIn">
<doc>Logs the given message with the given level.</doc>
<arguments>
<arg>${MESSAGE}</arg>
</arguments>
<msg timestamp="20190519 20:04:37.110" level="INFO">Hello, world!</msg>
<status status="PASS" starttime="20190519 20:04:37.110" endtime="20190519 20:04:37.110"></status>
</kw>
<kw name="Set Variables">
<arguments>
<arg>I am learning Robot Framwork!</arg>
</arguments>
<assign>
<var>${MESSAGE}</var>
</assign>
<msg timestamp="20190519 20:04:37.110" level="FAIL">No keyword with name 'Set Variables' found. Did you mean:
    BuiltIn.Set Variable
    BuiltIn.Get Variables
    BuiltIn.Set Variable If</msg>
<status status="FAIL" starttime="20190519 20:04:37.110" endtime="20190519 20:04:37.110"></status>
</kw>
<status status="FAIL" starttime="20190519 20:04:37.110" endtime="20190519 20:04:37.110" critical="yes">No keyword with name 'Set Variables' found. Did you mean:
    BuiltIn.Set Variable
    BuiltIn.Get Variables
    BuiltIn.Set Variable If</status>
</test>
<status status="FAIL" starttime="20190519 20:04:37.079" endtime="20190519 20:04:37.126"></status>
</suite>
<statistics>
<total>
<stat pass="0" fail="1">Critical Tests</stat>
<stat pass="0" fail="1">All Tests</stat>
</total>
<tag>
</tag>
<suite>
<stat pass="0" fail="1" id="s1" name="Hello">Hello</stat>
</suite>
</statistics>
<errors>
</errors>
</robot>
